<?xml version="1.0" encoding="UTF-8"?>
<testExecutions version="1">
    <file path="C:\Users\kannagap\Desktop\new\credit-card-ui\src\App.test.js">
        <testCase name="basic test" duration="4"/>
    </file>
    <file path="C:\Users\kannagap\Desktop\new\credit-card-ui\src\__tests__\HomeTopbar.test.js">
        <testCase name="home top bar test should display welcome message" duration="16"/>
        <testCase name="home top bar test dropdown should show Settings and Logout options" duration="6"/>
    </file>
    <file path="C:\Users\kannagap\Desktop\new\credit-card-ui\src\__tests__\Sidebar.test.js">
        <testCase name="dashboard sidebar test for admin user Should display sidebar elements" duration="93"/>
        <testCase name="dashboard sidebar test for customer Should display sidebar elements" duration="18"/>
    </file>
    <file path="C:\Users\kannagap\Desktop\new\credit-card-ui\src\__tests__\LoginForm.test.js">
        <testCase name="Testing the login form login form heading to be &apos;Login Form&apos;" duration="146">
            <failure message="Error: Could not find &quot;store&quot; in the context of &quot;Connect(LoginForm)&quot;. Either wrap the root component in a &lt;Provider&gt;, or pass a custom React context provider to &lt;Provider&gt; and the corresponding React context consumer to Connect(LoginForm) in connect options."><![CDATA[Error: Could not find "store" in the context of "Connect(LoginForm)". Either wrap the root component in a <Provider>, or pass a custom React context provider to <Provider> and the corresponding React context consumer to Connect(LoginForm) in connect options.
    at ConnectFunction (C:\Users\kannagap\Desktop\new\credit-card-ui\node_modules\react-redux\lib\components\connectAdvanced.js:259:15)
    at renderWithHooks (C:\Users\kannagap\Desktop\new\credit-card-ui\node_modules\react-dom\cjs\react-dom.development.js:14803:18)
    at updateFunctionComponent (C:\Users\kannagap\Desktop\new\credit-card-ui\node_modules\react-dom\cjs\react-dom.development.js:17034:20)
    at updateSimpleMemoComponent (C:\Users\kannagap\Desktop\new\credit-card-ui\node_modules\react-dom\cjs\react-dom.development.js:16972:10)
    at updateMemoComponent (C:\Users\kannagap\Desktop\new\credit-card-ui\node_modules\react-dom\cjs\react-dom.development.js:16861:14)
    at beginWork (C:\Users\kannagap\Desktop\new\credit-card-ui\node_modules\react-dom\cjs\react-dom.development.js:18682:16)
    at HTMLUnknownElement.callCallback (C:\Users\kannagap\Desktop\new\credit-card-ui\node_modules\react-dom\cjs\react-dom.development.js:188:14)
    at invokeEventListeners (C:\Users\kannagap\Desktop\new\credit-card-ui\node_modules\jsdom\lib\jsdom\living\events\EventTarget-impl.js:193:27)
    at HTMLUnknownElementImpl._dispatch (C:\Users\kannagap\Desktop\new\credit-card-ui\node_modules\jsdom\lib\jsdom\living\events\EventTarget-impl.js:119:9)
    at HTMLUnknownElementImpl.dispatchEvent (C:\Users\kannagap\Desktop\new\credit-card-ui\node_modules\jsdom\lib\jsdom\living\events\EventTarget-impl.js:82:17)
    at HTMLUnknownElementImpl.dispatchEvent (C:\Users\kannagap\Desktop\new\credit-card-ui\node_modules\jsdom\lib\jsdom\living\nodes\HTMLElement-impl.js:30:27)
    at HTMLUnknownElement.dispatchEvent (C:\Users\kannagap\Desktop\new\credit-card-ui\node_modules\jsdom\lib\jsdom\living\generated\EventTarget.js:157:21)
    at Object.invokeGuardedCallbackDev (C:\Users\kannagap\Desktop\new\credit-card-ui\node_modules\react-dom\cjs\react-dom.development.js:237:16)
    at invokeGuardedCallback (C:\Users\kannagap\Desktop\new\credit-card-ui\node_modules\react-dom\cjs\react-dom.development.js:292:31)
    at beginWork$1 (C:\Users\kannagap\Desktop\new\credit-card-ui\node_modules\react-dom\cjs\react-dom.development.js:23203:7)
    at performUnitOfWork (C:\Users\kannagap\Desktop\new\credit-card-ui\node_modules\react-dom\cjs\react-dom.development.js:22157:12)
    at workLoopSync (C:\Users\kannagap\Desktop\new\credit-card-ui\node_modules\react-dom\cjs\react-dom.development.js:22130:22)
    at performSyncWorkOnRoot (C:\Users\kannagap\Desktop\new\credit-card-ui\node_modules\react-dom\cjs\react-dom.development.js:21756:9)
    at scheduleUpdateOnFiber (C:\Users\kannagap\Desktop\new\credit-card-ui\node_modules\react-dom\cjs\react-dom.development.js:21188:7)
    at updateContainer (C:\Users\kannagap\Desktop\new\credit-card-ui\node_modules\react-dom\cjs\react-dom.development.js:24373:3)
    at C:\Users\kannagap\Desktop\new\credit-card-ui\node_modules\react-dom\cjs\react-dom.development.js:24758:7
    at unbatchedUpdates (C:\Users\kannagap\Desktop\new\credit-card-ui\node_modules\react-dom\cjs\react-dom.development.js:21903:12)
    at legacyRenderSubtreeIntoContainer (C:\Users\kannagap\Desktop\new\credit-card-ui\node_modules\react-dom\cjs\react-dom.development.js:24757:5)
    at Object.render (C:\Users\kannagap\Desktop\new\credit-card-ui\node_modules\react-dom\cjs\react-dom.development.js:24840:10)
    at fn (C:\Users\kannagap\Desktop\new\credit-card-ui\node_modules\enzyme-adapter-react-16\src\ReactSixteenAdapter.js:487:26)
    at C:\Users\kannagap\Desktop\new\credit-card-ui\node_modules\enzyme-adapter-react-16\src\ReactSixteenAdapter.js:404:37
    at batchedUpdates$1 (C:\Users\kannagap\Desktop\new\credit-card-ui\node_modules\react-dom\cjs\react-dom.development.js:21856:12)
    at Object.act (C:\Users\kannagap\Desktop\new\credit-card-ui\node_modules\react-dom\cjs\react-dom-test-utils.development.js:929:14)
    at wrapAct (C:\Users\kannagap\Desktop\new\credit-card-ui\node_modules\enzyme-adapter-react-16\src\ReactSixteenAdapter.js:404:13)
    at Object.render (C:\Users\kannagap\Desktop\new\credit-card-ui\node_modules\enzyme-adapter-react-16\src\ReactSixteenAdapter.js:473:16)
    at new ReactWrapper (C:\Users\kannagap\Desktop\new\credit-card-ui\node_modules\enzyme\src\ReactWrapper.js:115:16)
    at mount (C:\Users\kannagap\Desktop\new\credit-card-ui\node_modules\enzyme\src\mount.js:10:10)
    at Object.<anonymous> (C:\Users\kannagap\Desktop\new\credit-card-ui\src\__tests__\LoginForm.test.js:14:19)
    at Object.asyncJestLifecycle (C:\Users\kannagap\Desktop\new\credit-card-ui\node_modules\jest-jasmine2\build\jasmineAsyncInstall.js:53:37)
    at C:\Users\kannagap\Desktop\new\credit-card-ui\node_modules\jest-jasmine2\build\queueRunner.js:43:12
    at new Promise (<anonymous>)
    at mapper (C:\Users\kannagap\Desktop\new\credit-card-ui\node_modules\jest-jasmine2\build\queueRunner.js:26:19)
    at C:\Users\kannagap\Desktop\new\credit-card-ui\node_modules\jest-jasmine2\build\queueRunner.js:73:41
    at processTicksAndRejections (internal/process/task_queues.js:97:5)]]></failure>
            <failure message="TypeError: Cannot read property &apos;find&apos; of undefined"><![CDATA[TypeError: Cannot read property 'find' of undefined
    at Object.<anonymous> (C:\Users\kannagap\Desktop\new\credit-card-ui\src\__tests__\LoginForm.test.js:18:24)
    at Object.asyncJestTest (C:\Users\kannagap\Desktop\new\credit-card-ui\node_modules\jest-jasmine2\build\jasmineAsyncInstall.js:102:37)
    at C:\Users\kannagap\Desktop\new\credit-card-ui\node_modules\jest-jasmine2\build\queueRunner.js:43:12
    at new Promise (<anonymous>)
    at mapper (C:\Users\kannagap\Desktop\new\credit-card-ui\node_modules\jest-jasmine2\build\queueRunner.js:26:19)
    at C:\Users\kannagap\Desktop\new\credit-card-ui\node_modules\jest-jasmine2\build\queueRunner.js:73:41
    at processTicksAndRejections (internal/process/task_queues.js:97:5)]]></failure>
        </testCase>
        <testCase name="Testing the login form Checking text on submit button" duration="6">
            <failure message="Error: Could not find &quot;store&quot; in the context of &quot;Connect(LoginForm)&quot;. Either wrap the root component in a &lt;Provider&gt;, or pass a custom React context provider to &lt;Provider&gt; and the corresponding React context consumer to Connect(LoginForm) in connect options."><![CDATA[Error: Could not find "store" in the context of "Connect(LoginForm)". Either wrap the root component in a <Provider>, or pass a custom React context provider to <Provider> and the corresponding React context consumer to Connect(LoginForm) in connect options.
    at ConnectFunction (C:\Users\kannagap\Desktop\new\credit-card-ui\node_modules\react-redux\lib\components\connectAdvanced.js:259:15)
    at renderWithHooks (C:\Users\kannagap\Desktop\new\credit-card-ui\node_modules\react-dom\cjs\react-dom.development.js:14803:18)
    at updateFunctionComponent (C:\Users\kannagap\Desktop\new\credit-card-ui\node_modules\react-dom\cjs\react-dom.development.js:17034:20)
    at updateSimpleMemoComponent (C:\Users\kannagap\Desktop\new\credit-card-ui\node_modules\react-dom\cjs\react-dom.development.js:16972:10)
    at updateMemoComponent (C:\Users\kannagap\Desktop\new\credit-card-ui\node_modules\react-dom\cjs\react-dom.development.js:16861:14)
    at beginWork (C:\Users\kannagap\Desktop\new\credit-card-ui\node_modules\react-dom\cjs\react-dom.development.js:18682:16)
    at HTMLUnknownElement.callCallback (C:\Users\kannagap\Desktop\new\credit-card-ui\node_modules\react-dom\cjs\react-dom.development.js:188:14)
    at invokeEventListeners (C:\Users\kannagap\Desktop\new\credit-card-ui\node_modules\jsdom\lib\jsdom\living\events\EventTarget-impl.js:193:27)
    at HTMLUnknownElementImpl._dispatch (C:\Users\kannagap\Desktop\new\credit-card-ui\node_modules\jsdom\lib\jsdom\living\events\EventTarget-impl.js:119:9)
    at HTMLUnknownElementImpl.dispatchEvent (C:\Users\kannagap\Desktop\new\credit-card-ui\node_modules\jsdom\lib\jsdom\living\events\EventTarget-impl.js:82:17)
    at HTMLUnknownElementImpl.dispatchEvent (C:\Users\kannagap\Desktop\new\credit-card-ui\node_modules\jsdom\lib\jsdom\living\nodes\HTMLElement-impl.js:30:27)
    at HTMLUnknownElement.dispatchEvent (C:\Users\kannagap\Desktop\new\credit-card-ui\node_modules\jsdom\lib\jsdom\living\generated\EventTarget.js:157:21)
    at Object.invokeGuardedCallbackDev (C:\Users\kannagap\Desktop\new\credit-card-ui\node_modules\react-dom\cjs\react-dom.development.js:237:16)
    at invokeGuardedCallback (C:\Users\kannagap\Desktop\new\credit-card-ui\node_modules\react-dom\cjs\react-dom.development.js:292:31)
    at beginWork$1 (C:\Users\kannagap\Desktop\new\credit-card-ui\node_modules\react-dom\cjs\react-dom.development.js:23203:7)
    at performUnitOfWork (C:\Users\kannagap\Desktop\new\credit-card-ui\node_modules\react-dom\cjs\react-dom.development.js:22157:12)
    at workLoopSync (C:\Users\kannagap\Desktop\new\credit-card-ui\node_modules\react-dom\cjs\react-dom.development.js:22130:22)
    at performSyncWorkOnRoot (C:\Users\kannagap\Desktop\new\credit-card-ui\node_modules\react-dom\cjs\react-dom.development.js:21756:9)
    at scheduleUpdateOnFiber (C:\Users\kannagap\Desktop\new\credit-card-ui\node_modules\react-dom\cjs\react-dom.development.js:21188:7)
    at updateContainer (C:\Users\kannagap\Desktop\new\credit-card-ui\node_modules\react-dom\cjs\react-dom.development.js:24373:3)
    at C:\Users\kannagap\Desktop\new\credit-card-ui\node_modules\react-dom\cjs\react-dom.development.js:24758:7
    at unbatchedUpdates (C:\Users\kannagap\Desktop\new\credit-card-ui\node_modules\react-dom\cjs\react-dom.development.js:21903:12)
    at legacyRenderSubtreeIntoContainer (C:\Users\kannagap\Desktop\new\credit-card-ui\node_modules\react-dom\cjs\react-dom.development.js:24757:5)
    at Object.render (C:\Users\kannagap\Desktop\new\credit-card-ui\node_modules\react-dom\cjs\react-dom.development.js:24840:10)
    at fn (C:\Users\kannagap\Desktop\new\credit-card-ui\node_modules\enzyme-adapter-react-16\src\ReactSixteenAdapter.js:487:26)
    at C:\Users\kannagap\Desktop\new\credit-card-ui\node_modules\enzyme-adapter-react-16\src\ReactSixteenAdapter.js:404:37
    at batchedUpdates$1 (C:\Users\kannagap\Desktop\new\credit-card-ui\node_modules\react-dom\cjs\react-dom.development.js:21856:12)
    at Object.act (C:\Users\kannagap\Desktop\new\credit-card-ui\node_modules\react-dom\cjs\react-dom-test-utils.development.js:929:14)
    at wrapAct (C:\Users\kannagap\Desktop\new\credit-card-ui\node_modules\enzyme-adapter-react-16\src\ReactSixteenAdapter.js:404:13)
    at Object.render (C:\Users\kannagap\Desktop\new\credit-card-ui\node_modules\enzyme-adapter-react-16\src\ReactSixteenAdapter.js:473:16)
    at new ReactWrapper (C:\Users\kannagap\Desktop\new\credit-card-ui\node_modules\enzyme\src\ReactWrapper.js:115:16)
    at mount (C:\Users\kannagap\Desktop\new\credit-card-ui\node_modules\enzyme\src\mount.js:10:10)
    at Object.<anonymous> (C:\Users\kannagap\Desktop\new\credit-card-ui\src\__tests__\LoginForm.test.js:14:19)
    at Object.asyncJestLifecycle (C:\Users\kannagap\Desktop\new\credit-card-ui\node_modules\jest-jasmine2\build\jasmineAsyncInstall.js:53:37)
    at C:\Users\kannagap\Desktop\new\credit-card-ui\node_modules\jest-jasmine2\build\queueRunner.js:43:12
    at new Promise (<anonymous>)
    at mapper (C:\Users\kannagap\Desktop\new\credit-card-ui\node_modules\jest-jasmine2\build\queueRunner.js:26:19)
    at C:\Users\kannagap\Desktop\new\credit-card-ui\node_modules\jest-jasmine2\build\queueRunner.js:73:41]]></failure>
            <failure message="TypeError: Cannot read property &apos;find&apos; of undefined"><![CDATA[TypeError: Cannot read property 'find' of undefined
    at Object.<anonymous> (C:\Users\kannagap\Desktop\new\credit-card-ui\src\__tests__\LoginForm.test.js:23:24)
    at Object.asyncJestTest (C:\Users\kannagap\Desktop\new\credit-card-ui\node_modules\jest-jasmine2\build\jasmineAsyncInstall.js:102:37)
    at C:\Users\kannagap\Desktop\new\credit-card-ui\node_modules\jest-jasmine2\build\queueRunner.js:43:12
    at new Promise (<anonymous>)
    at mapper (C:\Users\kannagap\Desktop\new\credit-card-ui\node_modules\jest-jasmine2\build\queueRunner.js:26:19)
    at C:\Users\kannagap\Desktop\new\credit-card-ui\node_modules\jest-jasmine2\build\queueRunner.js:73:41]]></failure>
        </testCase>
        <testCase name="Testing the login form Checking for email label text" duration="4">
            <failure message="Error: Could not find &quot;store&quot; in the context of &quot;Connect(LoginForm)&quot;. Either wrap the root component in a &lt;Provider&gt;, or pass a custom React context provider to &lt;Provider&gt; and the corresponding React context consumer to Connect(LoginForm) in connect options."><![CDATA[Error: Could not find "store" in the context of "Connect(LoginForm)". Either wrap the root component in a <Provider>, or pass a custom React context provider to <Provider> and the corresponding React context consumer to Connect(LoginForm) in connect options.
    at ConnectFunction (C:\Users\kannagap\Desktop\new\credit-card-ui\node_modules\react-redux\lib\components\connectAdvanced.js:259:15)
    at renderWithHooks (C:\Users\kannagap\Desktop\new\credit-card-ui\node_modules\react-dom\cjs\react-dom.development.js:14803:18)
    at updateFunctionComponent (C:\Users\kannagap\Desktop\new\credit-card-ui\node_modules\react-dom\cjs\react-dom.development.js:17034:20)
    at updateSimpleMemoComponent (C:\Users\kannagap\Desktop\new\credit-card-ui\node_modules\react-dom\cjs\react-dom.development.js:16972:10)
    at updateMemoComponent (C:\Users\kannagap\Desktop\new\credit-card-ui\node_modules\react-dom\cjs\react-dom.development.js:16861:14)
    at beginWork (C:\Users\kannagap\Desktop\new\credit-card-ui\node_modules\react-dom\cjs\react-dom.development.js:18682:16)
    at HTMLUnknownElement.callCallback (C:\Users\kannagap\Desktop\new\credit-card-ui\node_modules\react-dom\cjs\react-dom.development.js:188:14)
    at invokeEventListeners (C:\Users\kannagap\Desktop\new\credit-card-ui\node_modules\jsdom\lib\jsdom\living\events\EventTarget-impl.js:193:27)
    at HTMLUnknownElementImpl._dispatch (C:\Users\kannagap\Desktop\new\credit-card-ui\node_modules\jsdom\lib\jsdom\living\events\EventTarget-impl.js:119:9)
    at HTMLUnknownElementImpl.dispatchEvent (C:\Users\kannagap\Desktop\new\credit-card-ui\node_modules\jsdom\lib\jsdom\living\events\EventTarget-impl.js:82:17)
    at HTMLUnknownElementImpl.dispatchEvent (C:\Users\kannagap\Desktop\new\credit-card-ui\node_modules\jsdom\lib\jsdom\living\nodes\HTMLElement-impl.js:30:27)
    at HTMLUnknownElement.dispatchEvent (C:\Users\kannagap\Desktop\new\credit-card-ui\node_modules\jsdom\lib\jsdom\living\generated\EventTarget.js:157:21)
    at Object.invokeGuardedCallbackDev (C:\Users\kannagap\Desktop\new\credit-card-ui\node_modules\react-dom\cjs\react-dom.development.js:237:16)
    at invokeGuardedCallback (C:\Users\kannagap\Desktop\new\credit-card-ui\node_modules\react-dom\cjs\react-dom.development.js:292:31)
    at beginWork$1 (C:\Users\kannagap\Desktop\new\credit-card-ui\node_modules\react-dom\cjs\react-dom.development.js:23203:7)
    at performUnitOfWork (C:\Users\kannagap\Desktop\new\credit-card-ui\node_modules\react-dom\cjs\react-dom.development.js:22157:12)
    at workLoopSync (C:\Users\kannagap\Desktop\new\credit-card-ui\node_modules\react-dom\cjs\react-dom.development.js:22130:22)
    at performSyncWorkOnRoot (C:\Users\kannagap\Desktop\new\credit-card-ui\node_modules\react-dom\cjs\react-dom.development.js:21756:9)
    at scheduleUpdateOnFiber (C:\Users\kannagap\Desktop\new\credit-card-ui\node_modules\react-dom\cjs\react-dom.development.js:21188:7)
    at updateContainer (C:\Users\kannagap\Desktop\new\credit-card-ui\node_modules\react-dom\cjs\react-dom.development.js:24373:3)
    at C:\Users\kannagap\Desktop\new\credit-card-ui\node_modules\react-dom\cjs\react-dom.development.js:24758:7
    at unbatchedUpdates (C:\Users\kannagap\Desktop\new\credit-card-ui\node_modules\react-dom\cjs\react-dom.development.js:21903:12)
    at legacyRenderSubtreeIntoContainer (C:\Users\kannagap\Desktop\new\credit-card-ui\node_modules\react-dom\cjs\react-dom.development.js:24757:5)
    at Object.render (C:\Users\kannagap\Desktop\new\credit-card-ui\node_modules\react-dom\cjs\react-dom.development.js:24840:10)
    at fn (C:\Users\kannagap\Desktop\new\credit-card-ui\node_modules\enzyme-adapter-react-16\src\ReactSixteenAdapter.js:487:26)
    at C:\Users\kannagap\Desktop\new\credit-card-ui\node_modules\enzyme-adapter-react-16\src\ReactSixteenAdapter.js:404:37
    at batchedUpdates$1 (C:\Users\kannagap\Desktop\new\credit-card-ui\node_modules\react-dom\cjs\react-dom.development.js:21856:12)
    at Object.act (C:\Users\kannagap\Desktop\new\credit-card-ui\node_modules\react-dom\cjs\react-dom-test-utils.development.js:929:14)
    at wrapAct (C:\Users\kannagap\Desktop\new\credit-card-ui\node_modules\enzyme-adapter-react-16\src\ReactSixteenAdapter.js:404:13)
    at Object.render (C:\Users\kannagap\Desktop\new\credit-card-ui\node_modules\enzyme-adapter-react-16\src\ReactSixteenAdapter.js:473:16)
    at new ReactWrapper (C:\Users\kannagap\Desktop\new\credit-card-ui\node_modules\enzyme\src\ReactWrapper.js:115:16)
    at mount (C:\Users\kannagap\Desktop\new\credit-card-ui\node_modules\enzyme\src\mount.js:10:10)
    at Object.<anonymous> (C:\Users\kannagap\Desktop\new\credit-card-ui\src\__tests__\LoginForm.test.js:14:19)
    at Object.asyncJestLifecycle (C:\Users\kannagap\Desktop\new\credit-card-ui\node_modules\jest-jasmine2\build\jasmineAsyncInstall.js:53:37)
    at C:\Users\kannagap\Desktop\new\credit-card-ui\node_modules\jest-jasmine2\build\queueRunner.js:43:12
    at new Promise (<anonymous>)
    at mapper (C:\Users\kannagap\Desktop\new\credit-card-ui\node_modules\jest-jasmine2\build\queueRunner.js:26:19)
    at C:\Users\kannagap\Desktop\new\credit-card-ui\node_modules\jest-jasmine2\build\queueRunner.js:73:41]]></failure>
            <failure message="TypeError: Cannot read property &apos;find&apos; of undefined"><![CDATA[TypeError: Cannot read property 'find' of undefined
    at Object.<anonymous> (C:\Users\kannagap\Desktop\new\credit-card-ui\src\__tests__\LoginForm.test.js:28:24)
    at Object.asyncJestTest (C:\Users\kannagap\Desktop\new\credit-card-ui\node_modules\jest-jasmine2\build\jasmineAsyncInstall.js:102:37)
    at C:\Users\kannagap\Desktop\new\credit-card-ui\node_modules\jest-jasmine2\build\queueRunner.js:43:12
    at new Promise (<anonymous>)
    at mapper (C:\Users\kannagap\Desktop\new\credit-card-ui\node_modules\jest-jasmine2\build\queueRunner.js:26:19)
    at C:\Users\kannagap\Desktop\new\credit-card-ui\node_modules\jest-jasmine2\build\queueRunner.js:73:41]]></failure>
        </testCase>
    </file>
</testExecutions>